<?xml version="1.0" encoding="UTF-8"?>
<!-- Generated by org.testng.reporters.JUnitXMLReporter -->
<testsuite hostname="DESKTOP-TKK5GPG" ignored="2" name="Create Portfolio-Create New PortFolio-pos-It.2-Mozilla" tests="1" failures="0" timestamp="2021-10-25T21:48:55 EDT" time="0.034" errors="0">
  <testcase name="@BeforeTest beforeTest" time="0.01" classname="com.rediff.ddf.base.BaseTest">
    <skipped/>
  </testcase> <!-- @BeforeTest beforeTest -->
  <testcase name="createPortfolio" time="0.0" classname="com.rediff.ddf.newtestcases.PortfolioManagement">
    <skipped/>
  </testcase> <!-- createPortfolio -->
  <testcase name="selectPortfolio" time="0.0" classname="com.rediff.ddf.newtestcases.PortfolioManagement">
    <ignored/>
  </testcase> <!-- selectPortfolio -->
  <testcase name="deletePortfolio" time="0.0" classname="com.rediff.ddf.newtestcases.PortfolioManagement">
    <ignored/>
  </testcase> <!-- deletePortfolio -->
</testsuite> <!-- Create Portfolio-Create New PortFolio-pos-It.2-Mozilla -->
