<?xml version="1.0" encoding="UTF-8"?>
<!-- Generated by org.testng.reporters.JUnitXMLReporter -->
<testsuite hostname="DESKTOP-TKK5GPG" name="Create Portfolio-Create New PortFolio-pos Mozilla-It.2" tests="1" failures="0" timestamp="25 Oct 2021 22:40:22 GMT" time="0.025" errors="0">
  <testcase name="@BeforeTest beforeTest" time="0.0" classname="com.rediff.ddf.newtestcases.PortfolioManagement">
    <skipped/>
  </testcase> <!-- @BeforeTest beforeTest -->
  <testcase name="createPortfolio" time="0.0" classname="com.rediff.ddf.newtestcases.PortfolioManagement">
    <skipped/>
  </testcase> <!-- createPortfolio -->
</testsuite> <!-- Create Portfolio-Create New PortFolio-pos Mozilla-It.2 -->
