<?xml version="1.0" encoding="UTF-8"?>
<!-- Generated by org.testng.reporters.JUnitXMLReporter -->
<testsuite hostname="DESKTOP-TKK5GPG" ignored="2" name="Delete Portfolio-Delete Existing PortFolio-It.1-Mozilla" tests="1" failures="0" timestamp="2021-10-25T21:50:52 EDT" time="117.141" errors="0">
  <testcase name="deletePortfolio" time="36.488" classname="com.rediff.ddf.newtestcases.PortfolioManagement"/>
  <testcase name="selectPortfolio" time="0.0" classname="com.rediff.ddf.newtestcases.PortfolioManagement">
    <ignored/>
  </testcase> <!-- selectPortfolio -->
  <testcase name="createPortfolio" time="0.0" classname="com.rediff.ddf.newtestcases.PortfolioManagement">
    <ignored/>
  </testcase> <!-- createPortfolio -->
</testsuite> <!-- Delete Portfolio-Delete Existing PortFolio-It.1-Mozilla -->
