<?xml version="1.0" encoding="UTF-8"?>
<!-- Generated by org.testng.reporters.JUnitXMLReporter -->
<testsuite hostname="DESKTOP-TKK5GPG" name="Delete Portfolio-Delete Existing PortFolio-It.1" tests="1" failures="0" timestamp="25 Oct 2021 22:58:27 GMT" time="0.006" errors="0">
  <testcase name="@BeforeTest beforeTest" time="0.0" classname="com.rediff.ddf.newtestcases.PortfolioManagement">
    <failure type="java.lang.NullPointerException">
      <![CDATA[java.lang.NullPointerException
	at com.rediff.ddf.base.GenericKeywords.openBrowser(GenericKeywords.java:60)
	at com.rediff.ddf.base.ApplicationKeywords.defaultLogin(ApplicationKeywords.java:39)
	at com.rediff.ddf.base.BaseTest.beforeTest(BaseTest.java:75)
	at runner.TestNGRunner.run(TestNGRunner.java:79)
	at runner.JSONRunner.main(JSONRunner.java:143)
... Removed 20 stack frames]]>
    </failure>
  </testcase> <!-- @BeforeTest beforeTest -->
  <testcase name="@AfterTest quit" time="0.0" classname="com.rediff.ddf.newtestcases.PortfolioManagement">
    <failure type="java.lang.NullPointerException">
      <![CDATA[java.lang.NullPointerException
	at com.rediff.ddf.base.GenericKeywords.quit(GenericKeywords.java:295)
	at com.rediff.ddf.base.BaseTest.quit(BaseTest.java:100)
	at runner.TestNGRunner.run(TestNGRunner.java:79)
	at runner.JSONRunner.main(JSONRunner.java:143)
... Removed 20 stack frames]]>
    </failure>
  </testcase> <!-- @AfterTest quit -->
  <testcase name="deletePortfolio" time="0.0" classname="com.rediff.ddf.newtestcases.PortfolioManagement">
    <skipped/>
  </testcase> <!-- deletePortfolio -->
</testsuite> <!-- Delete Portfolio-Delete Existing PortFolio-It.1 -->
