<?xml version="1.0" encoding="UTF-8"?>
<!-- Generated by org.testng.reporters.JUnitXMLReporter -->
<testsuite hostname="DESKTOP-TKK5GPG" ignored="2" name="Delete Portfolio-Delete Existing PortFolio-It.2-Mozilla" tests="1" failures="0" timestamp="2021-10-25T21:50:52 EDT" time="0.05" errors="0">
  <testcase name="@BeforeTest beforeTest" time="0.0" classname="com.rediff.ddf.base.BaseTest">
    <skipped/>
  </testcase> <!-- @BeforeTest beforeTest -->
  <testcase name="deletePortfolio" time="0.0" classname="com.rediff.ddf.newtestcases.PortfolioManagement">
    <skipped/>
  </testcase> <!-- deletePortfolio -->
  <testcase name="selectPortfolio" time="0.0" classname="com.rediff.ddf.newtestcases.PortfolioManagement">
    <ignored/>
  </testcase> <!-- selectPortfolio -->
  <testcase name="createPortfolio" time="0.0" classname="com.rediff.ddf.newtestcases.PortfolioManagement">
    <ignored/>
  </testcase> <!-- createPortfolio -->
</testsuite> <!-- Delete Portfolio-Delete Existing PortFolio-It.2-Mozilla -->
