<?xml version="1.0" encoding="UTF-8"?>
<!-- Generated by org.testng.reporters.JUnitXMLReporter -->
<testsuite hostname="DESKTOP-TKK5GPG" name="Add new Stock test. Iteration 2" tests="6" failures="1" timestamp="4 May 2021 00:19:57 GMT" time="28.61" errors="0">
  <testcase name="@BeforeMethod beforeMethod" time="0.0" classname="com.rediff.ddf.newtestcases.StockManagement">
    <skipped/>
  </testcase> <!-- @BeforeMethod beforeMethod -->
  <testcase name="@BeforeMethod beforeMethod" time="0.0" classname="com.rediff.ddf.newtestcases.StockManagement">
    <skipped/>
  </testcase> <!-- @BeforeMethod beforeMethod -->
  <testcase name="@BeforeMethod beforeMethod" time="0.0" classname="com.rediff.ddf.newtestcases.StockManagement">
    <skipped/>
  </testcase> <!-- @BeforeMethod beforeMethod -->
  <testcase name="@BeforeMethod beforeMethod" time="0.0" classname="com.rediff.ddf.newtestcases.StockManagement">
    <skipped/>
  </testcase> <!-- @BeforeMethod beforeMethod -->
  <testcase name="selectPortfolio" time="5.426" classname="com.rediff.ddf.newtestcases.PortfolioManagement"/>
  <testcase name="selectPortfolio" time="5.426" classname="com.rediff.ddf.newtestcases.PortfolioManagement">
    <failure type="java.lang.AbstractMethodError">
      <![CDATA[java.lang.AbstractMethodError
	at runner.TestNGRunner.run(TestNGRunner.java:79)
	at runner.Runner.main(Runner.java:34)
... Removed 19 stack frames]]>
    </failure>
  </testcase> <!-- selectPortfolio -->
  <testcase name="addNewStock" time="0.0" classname="com.rediff.ddf.newtestcases.StockManagement">
    <skipped/>
  </testcase> <!-- addNewStock -->
  <testcase name="verifyStockPresent" time="0.0" classname="com.rediff.ddf.newtestcases.StockManagement">
    <skipped/>
  </testcase> <!-- verifyStockPresent -->
  <testcase name="verifyStockQuantity" time="0.0" classname="com.rediff.ddf.newtestcases.StockManagement">
    <skipped/>
  </testcase> <!-- verifyStockQuantity -->
  <testcase name="verifyTransactionHistory" time="0.001" classname="com.rediff.ddf.newtestcases.StockManagement">
    <skipped/>
  </testcase> <!-- verifyTransactionHistory -->
</testsuite> <!-- Add new Stock test. Iteration 2 -->
