<?xml version="1.0" encoding="UTF-8"?>
<!-- Generated by org.testng.reporters.JUnitXMLReporter -->
<testsuite hostname="DESKTOP-TKK5GPG" name="Add new Stock test" tests="5" failures="0" timestamp="2 May 2021 22:26:39 GMT" time="48.871" errors="0">
  <testcase name="selectPortfolio" time="2.138" classname="com.rediff.ddf.newtestcases.PortfolioManagement"/>
  <testcase name="addNewStock" time="19.399" classname="com.rediff.ddf.newtestcases.StockManagement"/>
  <testcase name="verifyStockPresent" time="0.276" classname="com.rediff.ddf.newtestcases.StockManagement"/>
  <testcase name="verifyStockQuantity" time="0.343" classname="com.rediff.ddf.newtestcases.StockManagement"/>
  <testcase name="verifyTransactionHistory" time="2.843" classname="com.rediff.ddf.newtestcases.StockManagement"/>
</testsuite> <!-- Add new Stock test -->
