<?xml version="1.0" encoding="UTF-8"?>
<!-- Generated by org.testng.reporters.JUnitXMLReporter -->
<testsuite hostname="DESKTOP-TKK5GPG" name="Add new Stock test" tests="5" failures="0" timestamp="25 Apr 2021 19:01:58 GMT" time="55.122" errors="0">
  <testcase name="selectPortfolio" time="0.524" classname="com.rediff.ddf.newtestcases.PortfolioManagement"/>
  <testcase name="addNewStock" time="14.551" classname="com.rediff.ddf.newtestcases.StockManagement"/>
  <testcase name="verifyStockPresent" time="0.279" classname="com.rediff.ddf.newtestcases.StockManagement"/>
  <testcase name="verifyStockQuantity" time="0.198" classname="com.rediff.ddf.newtestcases.StockManagement"/>
  <testcase name="verifyTransactionHistory" time="1.441" classname="com.rediff.ddf.newtestcases.StockManagement"/>
</testsuite> <!-- Add new Stock test -->
