<?xml version="1.0" encoding="UTF-8"?>
<!-- Generated by org.testng.reporters.JUnitXMLReporter -->
<testsuite hostname="DESKTOP-TKK5GPG" name="Modify Stock Test - Sell Stock" tests="5" failures="0" timestamp="24 Apr 2021 22:25:03 GMT" time="20.313" errors="0">
  <testcase name="selectPortfolio" time="0.114" classname="com.rediff.ddf.newtestcases.PortfolioManagement"/>
  <testcase name="verifyStockPresent" time="0.237" classname="com.rediff.ddf.newtestcases.StockManagement"/>
  <testcase name="modifyStock" time="4.942" classname="com.rediff.ddf.newtestcases.StockManagement"/>
  <testcase name="verifyStockQuantity" time="0.332" classname="com.rediff.ddf.newtestcases.StockManagement"/>
  <testcase name="verifyTransactionHistory" time="1.09" classname="com.rediff.ddf.newtestcases.StockManagement"/>
</testsuite> <!-- Modify Stock Test - Sell Stock -->
