<?xml version="1.0" encoding="UTF-8"?>
<!-- Generated by org.testng.reporters.JUnitXMLReporter -->
<testsuite hostname="DESKTOP-TKK5GPG" name="Modify Stock Test - Add Stock" tests="5" failures="0" timestamp="24 Apr 2021 22:25:23 GMT" time="20.592" errors="0">
  <testcase name="selectPortfolio" time="0.097" classname="com.rediff.ddf.newtestcases.PortfolioManagement"/>
  <testcase name="verifyStockPresent" time="0.216" classname="com.rediff.ddf.newtestcases.StockManagement"/>
  <testcase name="modifyStock" time="4.662" classname="com.rediff.ddf.newtestcases.StockManagement"/>
  <testcase name="verifyStockQuantity" time="0.214" classname="com.rediff.ddf.newtestcases.StockManagement"/>
  <testcase name="verifyTransactionHistory" time="1.056" classname="com.rediff.ddf.newtestcases.StockManagement"/>
</testsuite> <!-- Modify Stock Test - Add Stock -->
