<?xml version="1.0" encoding="UTF-8"?>
<!-- Generated by org.testng.reporters.JUnitXMLReporter -->
<testsuite hostname="DESKTOP-TKK5GPG" name="Modify Stock Test - Sell Stock" tests="5" failures="0" timestamp="1 May 2021 22:05:22 GMT" time="39.852" errors="0">
  <testcase name="selectPortfolio" time="0.23" classname="com.rediff.ddf.newtestcases.PortfolioManagement"/>
  <testcase name="verifyStockPresent" time="0.232" classname="com.rediff.ddf.newtestcases.StockManagement"/>
  <testcase name="modifyStock" time="9.825" classname="com.rediff.ddf.newtestcases.StockManagement"/>
  <testcase name="verifyStockQuantity" time="0.282" classname="com.rediff.ddf.newtestcases.StockManagement"/>
  <testcase name="verifyTransactionHistory" time="3.541" classname="com.rediff.ddf.newtestcases.StockManagement"/>
</testsuite> <!-- Modify Stock Test - Sell Stock -->
