<?xml version="1.0" encoding="UTF-8"?>
<!-- Generated by org.testng.reporters.JUnitXMLReporter -->
<testsuite hostname="DESKTOP-TKK5GPG" name="Modify Stock Test - Add Stock" tests="5" failures="0" timestamp="1 May 2021 22:05:50 GMT" time="28.001" errors="0">
  <testcase name="selectPortfolio" time="0.184" classname="com.rediff.ddf.newtestcases.PortfolioManagement"/>
  <testcase name="verifyStockPresent" time="0.492" classname="com.rediff.ddf.newtestcases.StockManagement"/>
  <testcase name="modifyStock" time="7.675" classname="com.rediff.ddf.newtestcases.StockManagement"/>
  <testcase name="verifyStockQuantity" time="0.399" classname="com.rediff.ddf.newtestcases.StockManagement"/>
  <testcase name="verifyTransactionHistory" time="2.733" classname="com.rediff.ddf.newtestcases.StockManagement"/>
</testsuite> <!-- Modify Stock Test - Add Stock -->
