<?xml version="1.0" encoding="UTF-8"?>
<!-- Generated by org.testng.reporters.JUnitXMLReporter -->
<testsuite hostname="DESKTOP-TKK5GPG" name="Add New Stock-New StocktestIteration 1" tests="5" failures="1" timestamp="4 May 2021 00:47:08 GMT" time="46.571" errors="0">
  <testcase name="@BeforeTest beforeTest" time="0.0" classname="com.rediff.ddf.newtestcases.PortfolioManagement">
    <failure type="org.openqa.selenium.TimeoutException" message="Supplied function might have stalled
Build info: version: &amp;apos;4.0.0-alpha-7&amp;apos;, revision: &amp;apos;de8579b6d5&amp;apos;
System info: host: &amp;apos;DESKTOP-TKK5GPG&amp;apos;, ip: &amp;apos;192.168.56.1&amp;apos;, os.name: &amp;apos;Windows 10&amp;apos;, os.arch: &amp;apos;amd64&amp;apos;, os.version: &amp;apos;10.0&amp;apos;, java.version: &amp;apos;1.8.0_101&amp;apos;
Driver info: driver.version: unknown">
      <![CDATA[org.openqa.selenium.TimeoutException: Supplied function might have stalled
Build info: version: '4.0.0-alpha-7', revision: 'de8579b6d5'
System info: host: 'DESKTOP-TKK5GPG', ip: '192.168.56.1', os.name: 'Windows 10', os.arch: 'amd64', os.version: '10.0', java.version: '1.8.0_101'
Driver info: driver.version: unknown
	at org.openqa.selenium.support.ui.FluentWait.until(FluentWait.java:221)
	at com.rediff.ddf.base.ValidationKeywords.validateLogin(ValidationKeywords.java:29)
	at com.rediff.ddf.base.ApplicationKeywords.defaultLogin(ApplicationKeywords.java:47)
	at com.rediff.ddf.base.BaseTest.beforeTest(BaseTest.java:64)
	at java.util.concurrent.FutureTask.run(FutureTask.java:266)
	at java.util.concurrent.ThreadPoolExecutor.runWorker(ThreadPoolExecutor.java:1142)
	at java.util.concurrent.ThreadPoolExecutor$Worker.run(ThreadPoolExecutor.java:617)
	at java.lang.Thread.run(Thread.java:745)
Caused by: java.util.concurrent.TimeoutException
	at java.util.concurrent.CompletableFuture.timedGet(CompletableFuture.java:1771)
	at java.util.concurrent.CompletableFuture.get(CompletableFuture.java:1915)
	at org.openqa.selenium.support.ui.FluentWait.until(FluentWait.java:208)
	... 21 more
... Removed 14 stack frames]]>
    </failure>
  </testcase> <!-- @BeforeTest beforeTest -->
  <testcase name="@BeforeMethod beforeMethod" time="0.0" classname="com.rediff.ddf.newtestcases.StockManagement">
    <skipped/>
  </testcase> <!-- @BeforeMethod beforeMethod -->
  <testcase name="@BeforeMethod beforeMethod" time="0.0" classname="com.rediff.ddf.newtestcases.StockManagement">
    <skipped/>
  </testcase> <!-- @BeforeMethod beforeMethod -->
  <testcase name="@BeforeMethod beforeMethod" time="0.0" classname="com.rediff.ddf.newtestcases.StockManagement">
    <skipped/>
  </testcase> <!-- @BeforeMethod beforeMethod -->
  <testcase name="selectPortfolio" time="6.532" classname="com.rediff.ddf.newtestcases.PortfolioManagement"/>
  <testcase name="addNewStock" time="0.0" classname="com.rediff.ddf.newtestcases.StockManagement">
    <failure type="java.lang.NullPointerException">
      <![CDATA[java.lang.NullPointerException
	at com.rediff.ddf.newtestcases.StockManagement.addNewStock(StockManagement.java:15)
	at java.util.concurrent.FutureTask.run(FutureTask.java:266)
	at java.util.concurrent.ThreadPoolExecutor.runWorker(ThreadPoolExecutor.java:1142)
	at java.util.concurrent.ThreadPoolExecutor$Worker.run(ThreadPoolExecutor.java:617)
	at java.lang.Thread.run(Thread.java:745)
... Removed 16 stack frames]]>
    </failure>
  </testcase> <!-- addNewStock -->
  <testcase name="verifyStockPresent" time="0.0" classname="com.rediff.ddf.newtestcases.StockManagement">
    <skipped/>
  </testcase> <!-- verifyStockPresent -->
  <testcase name="verifyStockQuantity" time="0.0" classname="com.rediff.ddf.newtestcases.StockManagement">
    <skipped/>
  </testcase> <!-- verifyStockQuantity -->
  <testcase name="verifyTransactionHistory" time="0.0" classname="com.rediff.ddf.newtestcases.StockManagement">
    <skipped/>
  </testcase> <!-- verifyTransactionHistory -->
</testsuite> <!-- Add New Stock-New StocktestIteration 1 -->
