<?xml version="1.0" encoding="UTF-8"?>
<!-- Generated by org.testng.reporters.JUnitXMLReporter -->
<testsuite hostname="DESKTOP-TKK5GPG" name="Add New Stock-New Stock" tests="5" failures="0" timestamp="3 May 2021 01:49:21 GMT" time="45.874" errors="0">
  <testcase name="selectPortfolio" time="0.161" classname="com.rediff.ddf.newtestcases.PortfolioManagement"/>
  <testcase name="addNewStock" time="17.722" classname="com.rediff.ddf.newtestcases.StockManagement"/>
  <testcase name="verifyStockPresent" time="0.438" classname="com.rediff.ddf.newtestcases.StockManagement"/>
  <testcase name="verifyStockQuantity" time="0.322" classname="com.rediff.ddf.newtestcases.StockManagement"/>
  <testcase name="verifyTransactionHistory" time="2.238" classname="com.rediff.ddf.newtestcases.StockManagement"/>
</testsuite> <!-- Add New Stock-New Stock -->
