<?xml version="1.0" encoding="UTF-8"?>
<!-- Generated by org.testng.reporters.JUnitXMLReporter -->
<testsuite hostname="DESKTOP-TKK5GPG" name="Add New Stock-New StocktestIteration" tests="5" failures="1" timestamp="4 May 2021 00:28:38 GMT" time="26.046" errors="0">
  <testcase name="@BeforeMethod beforeMethod" time="0.0" classname="com.rediff.ddf.newtestcases.StockManagement">
    <skipped/>
  </testcase> <!-- @BeforeMethod beforeMethod -->
  <testcase name="@BeforeMethod beforeMethod" time="0.0" classname="com.rediff.ddf.newtestcases.StockManagement">
    <skipped/>
  </testcase> <!-- @BeforeMethod beforeMethod -->
  <testcase name="@BeforeMethod beforeMethod" time="0.0" classname="com.rediff.ddf.newtestcases.StockManagement">
    <skipped/>
  </testcase> <!-- @BeforeMethod beforeMethod -->
  <testcase name="selectPortfolio" time="5.219" classname="com.rediff.ddf.newtestcases.PortfolioManagement"/>
  <testcase name="addNewStock" time="0.0" classname="com.rediff.ddf.newtestcases.StockManagement">
    <failure type="java.lang.NullPointerException">
      <![CDATA[java.lang.NullPointerException
	at com.rediff.ddf.newtestcases.StockManagement.addNewStock(StockManagement.java:15)
	at java.util.concurrent.FutureTask.run(FutureTask.java:266)
	at java.util.concurrent.ThreadPoolExecutor.runWorker(ThreadPoolExecutor.java:1142)
	at java.util.concurrent.ThreadPoolExecutor$Worker.run(ThreadPoolExecutor.java:617)
	at java.lang.Thread.run(Thread.java:745)
... Removed 16 stack frames]]>
    </failure>
  </testcase> <!-- addNewStock -->
  <testcase name="verifyStockPresent" time="0.0" classname="com.rediff.ddf.newtestcases.StockManagement">
    <skipped/>
  </testcase> <!-- verifyStockPresent -->
  <testcase name="verifyStockQuantity" time="0.0" classname="com.rediff.ddf.newtestcases.StockManagement">
    <skipped/>
  </testcase> <!-- verifyStockQuantity -->
  <testcase name="verifyTransactionHistory" time="0.0" classname="com.rediff.ddf.newtestcases.StockManagement">
    <skipped/>
  </testcase> <!-- verifyTransactionHistory -->
</testsuite> <!-- Add New Stock-New StocktestIteration -->
