<?xml version="1.0" encoding="UTF-8"?>
<!-- Generated by org.testng.reporters.JUnitXMLReporter -->
<testsuite hostname="DESKTOP-TKK5GPG" name="Add/Delete Portfolio test" tests="2" failures="0" timestamp="1 May 2021 22:35:40 GMT" time="50.866" errors="0">
  <testcase name="createPortfolio" time="16.81" classname="com.rediff.ddf.newtestcases.PortfolioManagement"/>
  <testcase name="deletePortfolio" time="11.506" classname="com.rediff.ddf.newtestcases.PortfolioManagement"/>
</testsuite> <!-- Add/Delete Portfolio test -->
