<?xml version="1.0" encoding="UTF-8"?>
<testng-results skipped="8" failed="1" total="10" passed="1">
  <reporter-output>
  </reporter-output>
  <suite name="Stock Suite" duration-ms="72513" started-at="2021-05-04T13:18:52Z" finished-at="2021-05-04T13:20:05Z">
    <groups>
    </groups>
    <test name="Add New Stock-New Stock-It.1" duration-ms="72326" started-at="2021-05-04T13:18:52Z" finished-at="2021-05-04T13:20:05Z">
      <class name="com.rediff.ddf.newtestcases.StockManagement">
        <test-method status="PASS" signature="beforeMethod(org.testng.ITestContext)[pri:0, instance:com.rediff.ddf.newtestcases.StockManagement@1b40d5f0]" name="beforeMethod" is-config="true" duration-ms="0" started-at="2021-05-04T09:19:36Z" finished-at="2021-05-04T09:19:36Z">
          <params>
            <param index="0">
              <value>
                <![CDATA[org.testng.TestRunner@3af9aa66]]>
              </value>
            </param>
          </params>
          <reporter-output>
          </reporter-output>
        </test-method> <!-- beforeMethod -->
        <test-method status="FAIL" signature="addNewStock(org.testng.ITestContext)[pri:0, instance:com.rediff.ddf.newtestcases.StockManagement@1b40d5f0]" name="addNewStock" duration-ms="25773" started-at="2021-05-04T09:19:36Z" finished-at="2021-05-04T09:20:02Z">
          <params>
            <param index="0">
              <value>
                <![CDATA[org.testng.TestRunner@3af9aa66]]>
              </value>
            </param>
          </params>
          <exception class="org.openqa.selenium.NoSuchElementException">
            <message>
              <![CDATA[no such element: Unable to locate element: {"method":"xpath","selector":"//*[text()='Birla Corporation Ltd']"}
  (Session info: chrome=90.0.4430.85)
For documentation on this error, please visit: https://selenium.dev/exceptions/#no_such_element
Build info: version: '4.0.0-alpha-7', revision: 'de8579b6d5'
System info: host: 'DESKTOP-TKK5GPG', ip: '192.168.56.1', os.name: 'Windows 10', os.arch: 'amd64', os.version: '10.0', java.version: '1.8.0_101'
Driver info: org.openqa.selenium.chrome.ChromeDriver
Capabilities {acceptInsecureCerts: false, browserName: chrome, browserVersion: 90.0.4430.85, chrome: {chromedriverVersion: 89.0.4389.23 (61b08ee2c5002..., userDataDir: C:\Users\HARSIM~1\AppData\L...}, goog:chromeOptions: {debuggerAddress: localhost:65261}, javascriptEnabled: true, networkConnectionEnabled: false, pageLoadStrategy: normal, platform: WINDOWS, platformName: WINDOWS, proxy: Proxy(), setWindowRect: true, strictFileInteractability: false, timeouts: {implicit: 0, pageLoad: 300000, script: 30000}, unhandledPromptBehavior: dismiss and notify, webauthn:extension:largeBlob: true, webauthn:virtualAuthenticators: true}
Session ID: 1ecfeb65de1dd33050e3bb8f148bafd2
*** Element info: {Using=xpath, value=//*[text()='Birla Corporation Ltd']}]]>
            </message>
            <full-stacktrace>
              <![CDATA[org.openqa.selenium.NoSuchElementException: no such element: Unable to locate element: {"method":"xpath","selector":"//*[text()='Birla Corporation Ltd']"}
  (Session info: chrome=90.0.4430.85)
For documentation on this error, please visit: https://selenium.dev/exceptions/#no_such_element
Build info: version: '4.0.0-alpha-7', revision: 'de8579b6d5'
System info: host: 'DESKTOP-TKK5GPG', ip: '192.168.56.1', os.name: 'Windows 10', os.arch: 'amd64', os.version: '10.0', java.version: '1.8.0_101'
Driver info: org.openqa.selenium.chrome.ChromeDriver
Capabilities {acceptInsecureCerts: false, browserName: chrome, browserVersion: 90.0.4430.85, chrome: {chromedriverVersion: 89.0.4389.23 (61b08ee2c5002..., userDataDir: C:\Users\HARSIM~1\AppData\L...}, goog:chromeOptions: {debuggerAddress: localhost:65261}, javascriptEnabled: true, networkConnectionEnabled: false, pageLoadStrategy: normal, platform: WINDOWS, platformName: WINDOWS, proxy: Proxy(), setWindowRect: true, strictFileInteractability: false, timeouts: {implicit: 0, pageLoad: 300000, script: 30000}, unhandledPromptBehavior: dismiss and notify, webauthn:extension:largeBlob: true, webauthn:virtualAuthenticators: true}
Session ID: 1ecfeb65de1dd33050e3bb8f148bafd2
*** Element info: {Using=xpath, value=//*[text()='Birla Corporation Ltd']}
	at sun.reflect.NativeConstructorAccessorImpl.newInstance0(Native Method)
	at sun.reflect.NativeConstructorAccessorImpl.newInstance(NativeConstructorAccessorImpl.java:62)
	at sun.reflect.DelegatingConstructorAccessorImpl.newInstance(DelegatingConstructorAccessorImpl.java:45)
	at java.lang.reflect.Constructor.newInstance(Constructor.java:423)
	at org.openqa.selenium.remote.codec.w3c.W3CHttpResponseCodec.createException(W3CHttpResponseCodec.java:196)
	at org.openqa.selenium.remote.codec.w3c.W3CHttpResponseCodec.decode(W3CHttpResponseCodec.java:129)
	at org.openqa.selenium.remote.codec.w3c.W3CHttpResponseCodec.decode(W3CHttpResponseCodec.java:53)
	at org.openqa.selenium.remote.HttpCommandExecutor.execute(HttpCommandExecutor.java:167)
	at org.openqa.selenium.remote.service.DriverCommandExecutor.execute(DriverCommandExecutor.java:123)
	at org.openqa.selenium.remote.RemoteWebDriver.execute(RemoteWebDriver.java:501)
	at org.openqa.selenium.remote.RemoteWebDriver.findElement(RemoteWebDriver.java:332)
	at org.openqa.selenium.By$ByXPath.findElement(By.java:379)
	at org.openqa.selenium.remote.RemoteWebDriver.findElement(RemoteWebDriver.java:312)
	at com.rediff.ddf.base.GenericKeywords.getElementByText(GenericKeywords.java:156)
	at com.rediff.ddf.base.GenericKeywords.clickEnterButton(GenericKeywords.java:113)
	at com.rediff.ddf.newtestcases.StockManagement.addNewStock(StockManagement.java:41)
	at sun.reflect.NativeMethodAccessorImpl.invoke0(Native Method)
	at sun.reflect.NativeMethodAccessorImpl.invoke(NativeMethodAccessorImpl.java:62)
	at sun.reflect.DelegatingMethodAccessorImpl.invoke(DelegatingMethodAccessorImpl.java:43)
	at java.lang.reflect.Method.invoke(Method.java:498)
	at org.testng.internal.MethodInvocationHelper.invokeMethod(MethodInvocationHelper.java:100)
	at org.testng.internal.Invoker.invokeMethod(Invoker.java:646)
	at org.testng.internal.Invoker.invokeTestMethod(Invoker.java:811)
	at org.testng.internal.Invoker.invokeTestMethods(Invoker.java:1137)
	at org.testng.internal.TestMethodWorker.invokeTestMethods(TestMethodWorker.java:129)
	at org.testng.internal.TestMethodWorker.run(TestMethodWorker.java:112)
	at org.testng.TestRunner.privateRun(TestRunner.java:753)
	at org.testng.TestRunner.run(TestRunner.java:607)
	at org.testng.SuiteRunner.runTest(SuiteRunner.java:368)
	at org.testng.SuiteRunner.runSequentially(SuiteRunner.java:363)
	at org.testng.SuiteRunner.privateRun(SuiteRunner.java:321)
	at org.testng.SuiteRunner.run(SuiteRunner.java:270)
	at org.testng.SuiteRunnerWorker.runSuite(SuiteRunnerWorker.java:52)
	at org.testng.SuiteRunnerWorker.run(SuiteRunnerWorker.java:86)
	at org.testng.TestNG.runSuitesSequentially(TestNG.java:1284)
	at org.testng.TestNG.runSuitesLocally(TestNG.java:1209)
	at org.testng.TestNG.runSuites(TestNG.java:1124)
	at org.testng.TestNG.run(TestNG.java:1096)
	at runner.TestNGRunner.run(TestNGRunner.java:79)
	at runner.JSONRunner.main(JSONRunner.java:137)
]]>
            </full-stacktrace>
          </exception> <!-- org.openqa.selenium.NoSuchElementException -->
          <reporter-output>
          </reporter-output>
        </test-method> <!-- addNewStock -->
        <test-method status="SKIP" signature="verifyStockPresent()[pri:0, instance:com.rediff.ddf.newtestcases.StockManagement@1b40d5f0]" name="verifyStockPresent" duration-ms="0" started-at="2021-05-04T09:20:03Z" finished-at="2021-05-04T09:20:03Z">
          <reporter-output>
          </reporter-output>
        </test-method> <!-- verifyStockPresent -->
        <test-method status="SKIP" signature="beforeMethod(org.testng.ITestContext)[pri:0, instance:com.rediff.ddf.newtestcases.StockManagement@1b40d5f0]" name="beforeMethod" is-config="true" duration-ms="0" started-at="2021-05-04T09:20:03Z" finished-at="2021-05-04T09:20:03Z">
          <params>
            <param index="0">
              <value>
                <![CDATA[org.testng.TestRunner@3af9aa66]]>
              </value>
            </param>
          </params>
          <exception class="org.testng.SkipException">
            <message>
              <![CDATA[Critical Failure in Prevoius Tests]]>
            </message>
            <full-stacktrace>
              <![CDATA[org.testng.SkipException: Critical Failure in Prevoius Tests
	at com.rediff.ddf.base.BaseTest.beforeMethod(BaseTest.java:80)
	at sun.reflect.NativeMethodAccessorImpl.invoke0(Native Method)
	at sun.reflect.NativeMethodAccessorImpl.invoke(NativeMethodAccessorImpl.java:62)
	at sun.reflect.DelegatingMethodAccessorImpl.invoke(DelegatingMethodAccessorImpl.java:43)
	at java.lang.reflect.Method.invoke(Method.java:498)
	at org.testng.internal.MethodInvocationHelper.invokeMethod(MethodInvocationHelper.java:100)
	at org.testng.internal.Invoker.invokeConfigurationMethod(Invoker.java:515)
	at org.testng.internal.Invoker.invokeConfigurations(Invoker.java:216)
	at org.testng.internal.Invoker.invokeMethod(Invoker.java:590)
	at org.testng.internal.Invoker.invokeTestMethod(Invoker.java:811)
	at org.testng.internal.Invoker.invokeTestMethods(Invoker.java:1137)
	at org.testng.internal.TestMethodWorker.invokeTestMethods(TestMethodWorker.java:129)
	at org.testng.internal.TestMethodWorker.run(TestMethodWorker.java:112)
	at org.testng.TestRunner.privateRun(TestRunner.java:753)
	at org.testng.TestRunner.run(TestRunner.java:607)
	at org.testng.SuiteRunner.runTest(SuiteRunner.java:368)
	at org.testng.SuiteRunner.runSequentially(SuiteRunner.java:363)
	at org.testng.SuiteRunner.privateRun(SuiteRunner.java:321)
	at org.testng.SuiteRunner.run(SuiteRunner.java:270)
	at org.testng.SuiteRunnerWorker.runSuite(SuiteRunnerWorker.java:52)
	at org.testng.SuiteRunnerWorker.run(SuiteRunnerWorker.java:86)
	at org.testng.TestNG.runSuitesSequentially(TestNG.java:1284)
	at org.testng.TestNG.runSuitesLocally(TestNG.java:1209)
	at org.testng.TestNG.runSuites(TestNG.java:1124)
	at org.testng.TestNG.run(TestNG.java:1096)
	at runner.TestNGRunner.run(TestNGRunner.java:79)
	at runner.JSONRunner.main(JSONRunner.java:137)
]]>
            </full-stacktrace>
          </exception> <!-- org.testng.SkipException -->
          <reporter-output>
          </reporter-output>
        </test-method> <!-- beforeMethod -->
        <test-method status="SKIP" signature="beforeMethod(org.testng.ITestContext)[pri:0, instance:com.rediff.ddf.newtestcases.StockManagement@1b40d5f0]" name="beforeMethod" is-config="true" duration-ms="0" started-at="2021-05-04T09:20:03Z" finished-at="2021-05-04T09:20:03Z">
          <params>
            <param index="0">
              <value>
                <![CDATA[org.testng.TestRunner@3af9aa66]]>
              </value>
            </param>
          </params>
          <exception class="org.testng.SkipException">
            <message>
              <![CDATA[Critical Failure in Prevoius Tests]]>
            </message>
            <full-stacktrace>
              <![CDATA[org.testng.SkipException: Critical Failure in Prevoius Tests
	at com.rediff.ddf.base.BaseTest.beforeMethod(BaseTest.java:80)
	at sun.reflect.NativeMethodAccessorImpl.invoke0(Native Method)
	at sun.reflect.NativeMethodAccessorImpl.invoke(NativeMethodAccessorImpl.java:62)
	at sun.reflect.DelegatingMethodAccessorImpl.invoke(DelegatingMethodAccessorImpl.java:43)
	at java.lang.reflect.Method.invoke(Method.java:498)
	at org.testng.internal.MethodInvocationHelper.invokeMethod(MethodInvocationHelper.java:100)
	at org.testng.internal.Invoker.invokeConfigurationMethod(Invoker.java:515)
	at org.testng.internal.Invoker.invokeConfigurations(Invoker.java:216)
	at org.testng.internal.Invoker.invokeMethod(Invoker.java:590)
	at org.testng.internal.Invoker.invokeTestMethod(Invoker.java:811)
	at org.testng.internal.Invoker.invokeTestMethods(Invoker.java:1137)
	at org.testng.internal.TestMethodWorker.invokeTestMethods(TestMethodWorker.java:129)
	at org.testng.internal.TestMethodWorker.run(TestMethodWorker.java:112)
	at org.testng.TestRunner.privateRun(TestRunner.java:753)
	at org.testng.TestRunner.run(TestRunner.java:607)
	at org.testng.SuiteRunner.runTest(SuiteRunner.java:368)
	at org.testng.SuiteRunner.runSequentially(SuiteRunner.java:363)
	at org.testng.SuiteRunner.privateRun(SuiteRunner.java:321)
	at org.testng.SuiteRunner.run(SuiteRunner.java:270)
	at org.testng.SuiteRunnerWorker.runSuite(SuiteRunnerWorker.java:52)
	at org.testng.SuiteRunnerWorker.run(SuiteRunnerWorker.java:86)
	at org.testng.TestNG.runSuitesSequentially(TestNG.java:1284)
	at org.testng.TestNG.runSuitesLocally(TestNG.java:1209)
	at org.testng.TestNG.runSuites(TestNG.java:1124)
	at org.testng.TestNG.run(TestNG.java:1096)
	at runner.TestNGRunner.run(TestNGRunner.java:79)
	at runner.JSONRunner.main(JSONRunner.java:137)
]]>
            </full-stacktrace>
          </exception> <!-- org.testng.SkipException -->
          <reporter-output>
          </reporter-output>
        </test-method> <!-- beforeMethod -->
        <test-method status="SKIP" signature="verifyStockQuantity(java.lang.String, org.testng.ITestContext)[pri:0, instance:com.rediff.ddf.newtestcases.StockManagement@1b40d5f0]" name="verifyStockQuantity" duration-ms="0" started-at="2021-05-04T09:20:03Z" finished-at="2021-05-04T09:20:03Z">
          <params>
            <param index="0">
              <value>
                <![CDATA[addstock]]>
              </value>
            </param>
            <param index="1">
              <value>
                <![CDATA[org.testng.TestRunner@3af9aa66]]>
              </value>
            </param>
          </params>
          <reporter-output>
          </reporter-output>
        </test-method> <!-- verifyStockQuantity -->
        <test-method status="SKIP" signature="beforeMethod(org.testng.ITestContext)[pri:0, instance:com.rediff.ddf.newtestcases.StockManagement@1b40d5f0]" name="beforeMethod" is-config="true" duration-ms="0" started-at="2021-05-04T09:20:03Z" finished-at="2021-05-04T09:20:03Z">
          <params>
            <param index="0">
              <value>
                <![CDATA[org.testng.TestRunner@3af9aa66]]>
              </value>
            </param>
          </params>
          <exception class="org.testng.SkipException">
            <message>
              <![CDATA[Critical Failure in Prevoius Tests]]>
            </message>
            <full-stacktrace>
              <![CDATA[org.testng.SkipException: Critical Failure in Prevoius Tests
	at com.rediff.ddf.base.BaseTest.beforeMethod(BaseTest.java:80)
	at sun.reflect.NativeMethodAccessorImpl.invoke0(Native Method)
	at sun.reflect.NativeMethodAccessorImpl.invoke(NativeMethodAccessorImpl.java:62)
	at sun.reflect.DelegatingMethodAccessorImpl.invoke(DelegatingMethodAccessorImpl.java:43)
	at java.lang.reflect.Method.invoke(Method.java:498)
	at org.testng.internal.MethodInvocationHelper.invokeMethod(MethodInvocationHelper.java:100)
	at org.testng.internal.Invoker.invokeConfigurationMethod(Invoker.java:515)
	at org.testng.internal.Invoker.invokeConfigurations(Invoker.java:216)
	at org.testng.internal.Invoker.invokeMethod(Invoker.java:590)
	at org.testng.internal.Invoker.invokeTestMethod(Invoker.java:811)
	at org.testng.internal.Invoker.invokeTestMethods(Invoker.java:1137)
	at org.testng.internal.TestMethodWorker.invokeTestMethods(TestMethodWorker.java:129)
	at org.testng.internal.TestMethodWorker.run(TestMethodWorker.java:112)
	at org.testng.TestRunner.privateRun(TestRunner.java:753)
	at org.testng.TestRunner.run(TestRunner.java:607)
	at org.testng.SuiteRunner.runTest(SuiteRunner.java:368)
	at org.testng.SuiteRunner.runSequentially(SuiteRunner.java:363)
	at org.testng.SuiteRunner.privateRun(SuiteRunner.java:321)
	at org.testng.SuiteRunner.run(SuiteRunner.java:270)
	at org.testng.SuiteRunnerWorker.runSuite(SuiteRunnerWorker.java:52)
	at org.testng.SuiteRunnerWorker.run(SuiteRunnerWorker.java:86)
	at org.testng.TestNG.runSuitesSequentially(TestNG.java:1284)
	at org.testng.TestNG.runSuitesLocally(TestNG.java:1209)
	at org.testng.TestNG.runSuites(TestNG.java:1124)
	at org.testng.TestNG.run(TestNG.java:1096)
	at runner.TestNGRunner.run(TestNGRunner.java:79)
	at runner.JSONRunner.main(JSONRunner.java:137)
]]>
            </full-stacktrace>
          </exception> <!-- org.testng.SkipException -->
          <reporter-output>
          </reporter-output>
        </test-method> <!-- beforeMethod -->
        <test-method status="SKIP" signature="verifyTransactionHistory(java.lang.String)[pri:0, instance:com.rediff.ddf.newtestcases.StockManagement@1b40d5f0]" name="verifyTransactionHistory" duration-ms="0" started-at="2021-05-04T09:20:03Z" finished-at="2021-05-04T09:20:03Z">
          <params>
            <param index="0">
              <value>
                <![CDATA[addstock]]>
              </value>
            </param>
          </params>
          <reporter-output>
          </reporter-output>
        </test-method> <!-- verifyTransactionHistory -->
      </class> <!-- com.rediff.ddf.newtestcases.StockManagement -->
      <class name="com.rediff.ddf.newtestcases.PortfolioManagement">
        <test-method status="PASS" signature="beforeTest(org.testng.ITestContext)[pri:0, instance:com.rediff.ddf.newtestcases.PortfolioManagement@16c0663d]" name="beforeTest" is-config="true" duration-ms="38470" started-at="2021-05-04T09:18:52Z" finished-at="2021-05-04T09:19:31Z">
          <params>
            <param index="0">
              <value>
                <![CDATA[org.testng.TestRunner@3af9aa66]]>
              </value>
            </param>
          </params>
          <reporter-output>
          </reporter-output>
        </test-method> <!-- beforeTest -->
        <test-method status="PASS" signature="beforeMethod(org.testng.ITestContext)[pri:0, instance:com.rediff.ddf.newtestcases.PortfolioManagement@16c0663d]" name="beforeMethod" is-config="true" duration-ms="0" started-at="2021-05-04T09:19:31Z" finished-at="2021-05-04T09:19:31Z">
          <params>
            <param index="0">
              <value>
                <![CDATA[org.testng.TestRunner@3af9aa66]]>
              </value>
            </param>
          </params>
          <reporter-output>
          </reporter-output>
        </test-method> <!-- beforeMethod -->
        <test-method status="PASS" signature="selectPortfolio(org.testng.ITestContext)[pri:0, instance:com.rediff.ddf.newtestcases.PortfolioManagement@16c0663d]" name="selectPortfolio" duration-ms="5406" started-at="2021-05-04T09:19:31Z" finished-at="2021-05-04T09:19:36Z">
          <params>
            <param index="0">
              <value>
                <![CDATA[org.testng.TestRunner@3af9aa66]]>
              </value>
            </param>
          </params>
          <reporter-output>
          </reporter-output>
        </test-method> <!-- selectPortfolio -->
        <test-method status="PASS" signature="quit(org.testng.ITestContext)[pri:0, instance:com.rediff.ddf.newtestcases.PortfolioManagement@16c0663d]" name="quit" is-config="true" duration-ms="2124" started-at="2021-05-04T09:20:03Z" finished-at="2021-05-04T09:20:05Z">
          <params>
            <param index="0">
              <value>
                <![CDATA[org.testng.TestRunner@3af9aa66]]>
              </value>
            </param>
          </params>
          <reporter-output>
          </reporter-output>
        </test-method> <!-- quit -->
      </class> <!-- com.rediff.ddf.newtestcases.PortfolioManagement -->
    </test> <!-- Add New Stock-New Stock-It.1 -->
    <test name="Add New Stock-New Stock-It.2" duration-ms="82" started-at="2021-05-04T13:20:05Z" finished-at="2021-05-04T13:20:05Z">
      <class name="com.rediff.ddf.newtestcases.StockManagement">
        <test-method status="SKIP" signature="addNewStock(org.testng.ITestContext)[pri:0, instance:com.rediff.ddf.newtestcases.StockManagement@35bbe5e8]" name="addNewStock" duration-ms="0" started-at="2021-05-04T09:20:05Z" finished-at="2021-05-04T09:20:05Z">
          <params>
            <param index="0">
              <value>
                <![CDATA[org.testng.TestRunner@55f45b92]]>
              </value>
            </param>
          </params>
          <reporter-output>
          </reporter-output>
        </test-method> <!-- addNewStock -->
        <test-method status="PASS" signature="beforeMethod(org.testng.ITestContext)[pri:0, instance:com.rediff.ddf.newtestcases.StockManagement@35bbe5e8]" name="beforeMethod" is-config="true" duration-ms="0" started-at="2021-05-04T09:20:05Z" finished-at="2021-05-04T09:20:05Z">
          <params>
            <param index="0">
              <value>
                <![CDATA[org.testng.TestRunner@55f45b92]]>
              </value>
            </param>
          </params>
          <reporter-output>
          </reporter-output>
        </test-method> <!-- beforeMethod -->
        <test-method status="PASS" signature="beforeMethod(org.testng.ITestContext)[pri:0, instance:com.rediff.ddf.newtestcases.StockManagement@35bbe5e8]" name="beforeMethod" is-config="true" duration-ms="0" started-at="2021-05-04T09:20:05Z" finished-at="2021-05-04T09:20:05Z">
          <params>
            <param index="0">
              <value>
                <![CDATA[org.testng.TestRunner@55f45b92]]>
              </value>
            </param>
          </params>
          <reporter-output>
          </reporter-output>
        </test-method> <!-- beforeMethod -->
        <test-method status="SKIP" signature="verifyStockPresent()[pri:0, instance:com.rediff.ddf.newtestcases.StockManagement@35bbe5e8]" name="verifyStockPresent" duration-ms="0" started-at="2021-05-04T09:20:05Z" finished-at="2021-05-04T09:20:05Z">
          <reporter-output>
          </reporter-output>
        </test-method> <!-- verifyStockPresent -->
        <test-method status="PASS" signature="beforeMethod(org.testng.ITestContext)[pri:0, instance:com.rediff.ddf.newtestcases.StockManagement@35bbe5e8]" name="beforeMethod" is-config="true" duration-ms="0" started-at="2021-05-04T09:20:05Z" finished-at="2021-05-04T09:20:05Z">
          <params>
            <param index="0">
              <value>
                <![CDATA[org.testng.TestRunner@55f45b92]]>
              </value>
            </param>
          </params>
          <reporter-output>
          </reporter-output>
        </test-method> <!-- beforeMethod -->
        <test-method status="PASS" signature="beforeMethod(org.testng.ITestContext)[pri:0, instance:com.rediff.ddf.newtestcases.StockManagement@35bbe5e8]" name="beforeMethod" is-config="true" duration-ms="1" started-at="2021-05-04T09:20:05Z" finished-at="2021-05-04T09:20:05Z">
          <params>
            <param index="0">
              <value>
                <![CDATA[org.testng.TestRunner@55f45b92]]>
              </value>
            </param>
          </params>
          <reporter-output>
          </reporter-output>
        </test-method> <!-- beforeMethod -->
        <test-method status="SKIP" signature="verifyStockQuantity(java.lang.String, org.testng.ITestContext)[pri:0, instance:com.rediff.ddf.newtestcases.StockManagement@35bbe5e8]" name="verifyStockQuantity" duration-ms="0" started-at="2021-05-04T09:20:05Z" finished-at="2021-05-04T09:20:05Z">
          <params>
            <param index="0">
              <value>
                <![CDATA[addstock]]>
              </value>
            </param>
            <param index="1">
              <value>
                <![CDATA[org.testng.TestRunner@55f45b92]]>
              </value>
            </param>
          </params>
          <reporter-output>
          </reporter-output>
        </test-method> <!-- verifyStockQuantity -->
        <test-method status="SKIP" signature="verifyTransactionHistory(java.lang.String)[pri:0, instance:com.rediff.ddf.newtestcases.StockManagement@35bbe5e8]" name="verifyTransactionHistory" duration-ms="0" started-at="2021-05-04T09:20:05Z" finished-at="2021-05-04T09:20:05Z">
          <params>
            <param index="0">
              <value>
                <![CDATA[addstock]]>
              </value>
            </param>
          </params>
          <reporter-output>
          </reporter-output>
        </test-method> <!-- verifyTransactionHistory -->
      </class> <!-- com.rediff.ddf.newtestcases.StockManagement -->
      <class name="com.rediff.ddf.newtestcases.PortfolioManagement">
        <test-method status="SKIP" signature="beforeTest(org.testng.ITestContext)[pri:0, instance:com.rediff.ddf.newtestcases.PortfolioManagement@7dc36524]" name="beforeTest" is-config="true" duration-ms="0" started-at="2021-05-04T09:20:05Z" finished-at="2021-05-04T09:20:05Z">
          <params>
            <param index="0">
              <value>
                <![CDATA[org.testng.TestRunner@55f45b92]]>
              </value>
            </param>
          </params>
          <exception class="org.testng.SkipException">
            <message>
              <![CDATA[Skipping as runmod is N]]>
            </message>
            <full-stacktrace>
              <![CDATA[org.testng.SkipException: Skipping as runmod is N
	at com.rediff.ddf.base.BaseTest.beforeTest(BaseTest.java:61)
	at sun.reflect.NativeMethodAccessorImpl.invoke0(Native Method)
	at sun.reflect.NativeMethodAccessorImpl.invoke(NativeMethodAccessorImpl.java:62)
	at sun.reflect.DelegatingMethodAccessorImpl.invoke(DelegatingMethodAccessorImpl.java:43)
	at java.lang.reflect.Method.invoke(Method.java:498)
	at org.testng.internal.MethodInvocationHelper.invokeMethod(MethodInvocationHelper.java:100)
	at org.testng.internal.Invoker.invokeConfigurationMethod(Invoker.java:515)
	at org.testng.internal.Invoker.invokeConfigurations(Invoker.java:216)
	at org.testng.internal.Invoker.invokeConfigurations(Invoker.java:143)
	at org.testng.TestRunner.beforeRun(TestRunner.java:631)
	at org.testng.TestRunner.run(TestRunner.java:599)
	at org.testng.SuiteRunner.runTest(SuiteRunner.java:368)
	at org.testng.SuiteRunner.runSequentially(SuiteRunner.java:363)
	at org.testng.SuiteRunner.privateRun(SuiteRunner.java:321)
	at org.testng.SuiteRunner.run(SuiteRunner.java:270)
	at org.testng.SuiteRunnerWorker.runSuite(SuiteRunnerWorker.java:52)
	at org.testng.SuiteRunnerWorker.run(SuiteRunnerWorker.java:86)
	at org.testng.TestNG.runSuitesSequentially(TestNG.java:1284)
	at org.testng.TestNG.runSuitesLocally(TestNG.java:1209)
	at org.testng.TestNG.runSuites(TestNG.java:1124)
	at org.testng.TestNG.run(TestNG.java:1096)
	at runner.TestNGRunner.run(TestNGRunner.java:79)
	at runner.JSONRunner.main(JSONRunner.java:137)
]]>
            </full-stacktrace>
          </exception> <!-- org.testng.SkipException -->
          <reporter-output>
          </reporter-output>
        </test-method> <!-- beforeTest -->
        <test-method status="SKIP" signature="selectPortfolio(org.testng.ITestContext)[pri:0, instance:com.rediff.ddf.newtestcases.PortfolioManagement@7dc36524]" name="selectPortfolio" duration-ms="0" started-at="2021-05-04T09:20:05Z" finished-at="2021-05-04T09:20:05Z">
          <params>
            <param index="0">
              <value>
                <![CDATA[org.testng.TestRunner@55f45b92]]>
              </value>
            </param>
          </params>
          <reporter-output>
          </reporter-output>
        </test-method> <!-- selectPortfolio -->
        <test-method status="PASS" signature="beforeMethod(org.testng.ITestContext)[pri:0, instance:com.rediff.ddf.newtestcases.PortfolioManagement@7dc36524]" name="beforeMethod" is-config="true" duration-ms="0" started-at="2021-05-04T09:20:05Z" finished-at="2021-05-04T09:20:05Z">
          <params>
            <param index="0">
              <value>
                <![CDATA[org.testng.TestRunner@55f45b92]]>
              </value>
            </param>
          </params>
          <reporter-output>
          </reporter-output>
        </test-method> <!-- beforeMethod -->
        <test-method status="PASS" signature="quit(org.testng.ITestContext)[pri:0, instance:com.rediff.ddf.newtestcases.PortfolioManagement@7dc36524]" name="quit" is-config="true" duration-ms="29" started-at="2021-05-04T09:20:05Z" finished-at="2021-05-04T09:20:05Z">
          <params>
            <param index="0">
              <value>
                <![CDATA[org.testng.TestRunner@55f45b92]]>
              </value>
            </param>
          </params>
          <reporter-output>
          </reporter-output>
        </test-method> <!-- quit -->
      </class> <!-- com.rediff.ddf.newtestcases.PortfolioManagement -->
    </test> <!-- Add New Stock-New Stock-It.2 -->
  </suite> <!-- Stock Suite -->
</testng-results>
